c:\users\admin\source\repos\mandelbrot\mandelbrot\x64\debug\mandelbrot.pch
c:\users\admin\source\repos\mandelbrot\mandelbrot\x64\debug\vc141.pdb
c:\users\admin\source\repos\mandelbrot\mandelbrot\x64\debug\vc141.idb
c:\users\admin\source\repos\mandelbrot\mandelbrot\x64\debug\stdafx.obj
c:\users\admin\source\repos\mandelbrot\mandelbrot\x64\debug\fboex.obj
c:\users\admin\source\repos\mandelbrot\mandelbrot\x64\debug\mandelbrot.obj
c:\users\admin\source\repos\mandelbrot\x64\debug\mandelbrot.pdb
c:\users\admin\source\repos\mandelbrot\mandelbrot\x64\debug\mandelbrot.tlog\cl.command.1.tlog
c:\users\admin\source\repos\mandelbrot\mandelbrot\x64\debug\mandelbrot.tlog\cl.read.1.tlog
c:\users\admin\source\repos\mandelbrot\mandelbrot\x64\debug\mandelbrot.tlog\cl.write.1.tlog
c:\users\admin\source\repos\mandelbrot\mandelbrot\x64\debug\mandelbrot.tlog\link-cvtres.read.1.tlog
c:\users\admin\source\repos\mandelbrot\mandelbrot\x64\debug\mandelbrot.tlog\link-cvtres.write.1.tlog
c:\users\admin\source\repos\mandelbrot\mandelbrot\x64\debug\mandelbrot.tlog\link-rc.read.1.tlog
c:\users\admin\source\repos\mandelbrot\mandelbrot\x64\debug\mandelbrot.tlog\link-rc.write.1.tlog
c:\users\admin\source\repos\mandelbrot\mandelbrot\x64\debug\mandelbrot.tlog\link.11216-cvtres.read.1.tlog
c:\users\admin\source\repos\mandelbrot\mandelbrot\x64\debug\mandelbrot.tlog\link.11216-cvtres.write.1.tlog
c:\users\admin\source\repos\mandelbrot\mandelbrot\x64\debug\mandelbrot.tlog\link.11216-rc.read.1.tlog
c:\users\admin\source\repos\mandelbrot\mandelbrot\x64\debug\mandelbrot.tlog\link.11216-rc.write.1.tlog
c:\users\admin\source\repos\mandelbrot\mandelbrot\x64\debug\mandelbrot.tlog\link.11216.read.1.tlog
c:\users\admin\source\repos\mandelbrot\mandelbrot\x64\debug\mandelbrot.tlog\link.11216.write.1.tlog
c:\users\admin\source\repos\mandelbrot\mandelbrot\x64\debug\mandelbrot.tlog\link.command.1.tlog
c:\users\admin\source\repos\mandelbrot\mandelbrot\x64\debug\mandelbrot.tlog\link.read.1.tlog
c:\users\admin\source\repos\mandelbrot\mandelbrot\x64\debug\mandelbrot.tlog\link.write.1.tlog
